LivroAndroidCap05-Intent/app/build/outputs/apk/manifest-merger-debug-report.txt
-- Merging decision tree log ---
manifest
ADDED from AndroidManifest.xml:2:1
	package
		ADDED from AndroidManifest.xml:3:5
		INJECTED from AndroidManifest.xml:0:0
		INJECTED from AndroidManifest.xml:0:0
	xmlns:android
		ADDED from AndroidManifest.xml:2:11
uses-sdk
ADDED from AndroidManifest.xml:5:5
	android:targetSdkVersion
		ADDED from AndroidManifest.xml:7:9
		INJECTED from AndroidManifest.xml:0:0
		INJECTED from AndroidManifest.xml:0:0
	android:minSdkVersion
		ADDED from AndroidManifest.xml:6:9
		INJECTED from AndroidManifest.xml:0:0
		INJECTED from AndroidManifest.xml:0:0
uses-permission#android.permission.CALL_PHONE
ADDED from AndroidManifest.xml:9:5
	android:name
		ADDED from AndroidManifest.xml:9:22
uses-permission#android.permission.READ_CONTACTS
ADDED from AndroidManifest.xml:10:5
	android:name
		ADDED from AndroidManifest.xml:10:22
uses-permission#android.permission.INTERNET
ADDED from AndroidManifest.xml:11:5
	android:name
		ADDED from AndroidManifest.xml:11:22
application
ADDED from AndroidManifest.xml:13:5
	android:allowBackup
		ADDED from AndroidManifest.xml:14:9
	android:icon
		ADDED from AndroidManifest.xml:15:9
	android:theme
		ADDED from AndroidManifest.xml:16:9
activity#br.livro.android.cap5.Menu
ADDED from AndroidManifest.xml:17:9
	android:label
		ADDED from AndroidManifest.xml:19:13
	android:name
		ADDED from AndroidManifest.xml:18:13
intent-filter#android.intent.action.MAIN+android.intent.category.LAUNCHER
ADDED from AndroidManifest.xml:20:13
action#android.intent.action.MAIN
ADDED from AndroidManifest.xml:21:17
	android:name
		ADDED from AndroidManifest.xml:21:25
category#android.intent.category.LAUNCHER
ADDED from AndroidManifest.xml:23:17
	android:name
		ADDED from AndroidManifest.xml:23:27
activity#br.livro.android.cap5.intent.Tela1
ADDED from AndroidManifest.xml:26:9
	android:label
		ADDED from AndroidManifest.xml:28:13
	android:name
		ADDED from AndroidManifest.xml:27:13
activity#br.livro.android.cap5.intent.Tela2
ADDED from AndroidManifest.xml:29:9
	android:label
		ADDED from AndroidManifest.xml:31:13
	android:name
		ADDED from AndroidManifest.xml:30:13
activity#br.livro.android.cap5.intent.ExemploTelaSimNao
ADDED from AndroidManifest.xml:32:9
	android:label
		ADDED from AndroidManifest.xml:34:13
	android:name
		ADDED from AndroidManifest.xml:33:13
activity#br.livro.android.cap5.intent.AbrirMapaEnderecoActivity
ADDED from AndroidManifest.xml:35:9
	android:label
		ADDED from AndroidManifest.xml:37:13
	android:name
		ADDED from AndroidManifest.xml:36:13
activity#br.livro.android.cap5.intent.ExemploAbrirBrowser
ADDED from AndroidManifest.xml:38:9
	android:label
		ADDED from AndroidManifest.xml:40:13
	android:name
		ADDED from AndroidManifest.xml:39:13
activity#br.livro.android.cap5.intent.LigarParaTelefoneActivity
ADDED from AndroidManifest.xml:41:9
	android:label
		ADDED from AndroidManifest.xml:43:13
	android:name
		ADDED from AndroidManifest.xml:42:13
activity#br.livro.android.cap5.intent.VisualizarContatoId1
ADDED from AndroidManifest.xml:44:9
	android:label
		ADDED from AndroidManifest.xml:46:13
	android:name
		ADDED from AndroidManifest.xml:45:13
activity#br.livro.android.cap5.intent.VisualizarTodosContatos
ADDED from AndroidManifest.xml:47:9
	android:label
		ADDED from AndroidManifest.xml:49:13
	android:name
		ADDED from AndroidManifest.xml:48:13
activity#br.livro.android.cap5.intent.EscolherContato_Activity1
ADDED from AndroidManifest.xml:50:9
	android:label
		ADDED from AndroidManifest.xml:52:13
	android:name
		ADDED from AndroidManifest.xml:51:13
activity#br.livro.android.cap5.intent.EscolherContato_Activity2
ADDED from AndroidManifest.xml:53:9
	android:label
		ADDED from AndroidManifest.xml:55:13
	android:name
		ADDED from AndroidManifest.xml:54:13
activity#br.livro.android.cap5.intent.ActivityPermission
ADDED from AndroidManifest.xml:56:9
	android:name
		ADDED from AndroidManifest.xml:56:19
activity#br.livro.android.cap5.intent.ActivityPermission_Go
ADDED from AndroidManifest.xml:57:9
	android:name
		ADDED from AndroidManifest.xml:57:19